INFO username is sucessful~~~ 2020-10-26 19:18:59,705
INFO password is sucessful~~~ 2020-10-26 19:19:01,814
INFO submit is sucessful~~~ 2020-10-26 19:19:04,027
INFO username is sucessful~~~ 2020-10-26 19:19:16,182
INFO password is sucessful~~~ 2020-10-26 19:19:18,293
INFO submit is sucessful~~~ 2020-10-26 19:19:20,429
INFO username is sucessful~~~ 2020-10-26 19:19:32,601
INFO password is sucessful~~~ 2020-10-26 19:19:34,715
INFO submit is sucessful~~~ 2020-10-26 19:19:37,097
INFO username is sucessful~~~ 2020-10-26 19:19:49,360
INFO password is sucessful~~~ 2020-10-26 19:19:51,475
INFO submit is sucessful~~~ 2020-10-26 19:19:53,683
INFO username is sucessful~~~ 2020-10-26 19:20:05,840
INFO password is sucessful~~~ 2020-10-26 19:20:07,940
INFO submit is sucessful~~~ 2020-10-26 19:20:10,046
INFO username is sucessful~~~ 2020-10-26 19:20:22,210
INFO password is sucessful~~~ 2020-10-26 19:20:24,358
INFO submit is sucessful~~~ 2020-10-26 19:20:26,511
INFO username is sucessful~~~ 2020-10-26 19:20:38,628
INFO password is sucessful~~~ 2020-10-26 19:20:40,753
INFO submit is sucessful~~~ 2020-10-26 19:20:42,859
INFO ------------------登录开始------------------ 2020-10-26 19:27:37,914
INFO username is sucessful~~~ 2020-10-26 19:27:38,054
INFO password is sucessful~~~ 2020-10-26 19:27:40,201
INFO submit is sucessful~~~ 2020-10-26 19:27:42,628
INFO ------------------添加开始------------------ 2020-10-26 19:27:44,668
INFO cus_message is sucessful~~~ 2020-10-26 19:27:44,868
INFO add_customer is sucessful~~~ 2020-10-26 19:27:55,419
INFO customer_name is sucessful~~~ 2020-10-26 19:27:55,597
INFO postion is sucessful~~~ 2020-10-26 19:27:55,733
INFO email is sucessful~~~ 2020-10-26 19:27:55,865
INFO contact is sucessful~~~ 2020-10-26 19:27:55,957
INFO birthday_datetime is sucessful~~~ 2020-10-26 19:27:56,090
INFO submit is sucessful~~~ 2020-10-26 19:27:58,286
INFO ------------------登录开始------------------ 2020-10-26 19:29:47,030
INFO username is sucessful~~~ 2020-10-26 19:29:47,159
INFO password is sucessful~~~ 2020-10-26 19:29:49,269
INFO submit is sucessful~~~ 2020-10-26 19:29:51,415
INFO ------------------登录开始------------------ 2020-10-26 19:30:03,421
INFO username is sucessful~~~ 2020-10-26 19:30:03,519
INFO password is sucessful~~~ 2020-10-26 19:30:05,653
INFO submit is sucessful~~~ 2020-10-26 19:30:07,742
INFO ------------------登录开始------------------ 2020-10-26 19:30:19,854
INFO username is sucessful~~~ 2020-10-26 19:30:19,969
INFO password is sucessful~~~ 2020-10-26 19:30:22,096
INFO submit is sucessful~~~ 2020-10-26 19:30:24,513
INFO ------------------登录开始------------------ 2020-10-26 19:30:36,768
INFO username is sucessful~~~ 2020-10-26 19:30:36,911
INFO password is sucessful~~~ 2020-10-26 19:30:39,073
INFO submit is sucessful~~~ 2020-10-26 19:30:41,240
INFO ------------------登录开始------------------ 2020-10-26 19:30:53,252
INFO username is sucessful~~~ 2020-10-26 19:30:53,387
INFO password is sucessful~~~ 2020-10-26 19:30:55,510
INFO submit is sucessful~~~ 2020-10-26 19:30:57,645
INFO ------------------登录开始------------------ 2020-10-26 19:31:09,772
INFO username is sucessful~~~ 2020-10-26 19:31:09,911
INFO password is sucessful~~~ 2020-10-26 19:31:12,033
INFO submit is sucessful~~~ 2020-10-26 19:31:14,181
INFO ------------------登录开始------------------ 2020-10-26 19:31:26,285
INFO username is sucessful~~~ 2020-10-26 19:31:26,394
INFO password is sucessful~~~ 2020-10-26 19:31:28,524
INFO submit is sucessful~~~ 2020-10-26 19:31:30,662
INFO ------------------登录开始------------------ 2020-10-26 19:33:59,828
INFO username is sucessful~~~ 2020-10-26 19:33:59,963
INFO password is sucessful~~~ 2020-10-26 19:34:02,084
INFO submit is sucessful~~~ 2020-10-26 19:34:04,541
INFO ------------------添加开始------------------ 2020-10-26 19:34:06,593
INFO cus_message is sucessful~~~ 2020-10-26 19:34:06,861
INFO add_customer is sucessful~~~ 2020-10-26 19:34:17,269
INFO customer_name is sucessful~~~ 2020-10-26 19:34:17,394
INFO postion is sucessful~~~ 2020-10-26 19:34:17,509
INFO email is sucessful~~~ 2020-10-26 19:34:17,641
INFO contact is sucessful~~~ 2020-10-26 19:34:17,738
INFO birthday_datetime is sucessful~~~ 2020-10-26 19:34:17,870
INFO submit is sucessful~~~ 2020-10-26 19:34:20,101
