INFO ------------------登录开始------------------ 2020-10-27 10:25:47,110
INFO username is sucessful~~~ 2020-10-27 10:25:47,212
INFO password is sucessful~~~ 2020-10-27 10:25:49,298
INFO submit is sucessful~~~ 2020-10-27 10:25:51,605
INFO ------------------添加开始------------------ 2020-10-27 10:25:53,647
INFO cus_message is sucessful~~~ 2020-10-27 10:25:53,786
INFO add_customer is sucessful~~~ 2020-10-27 10:26:04,192
INFO customer_name is sucessful~~~ 2020-10-27 10:26:04,265
INFO postion is sucessful~~~ 2020-10-27 10:26:04,332
INFO email is sucessful~~~ 2020-10-27 10:26:04,401
INFO contact is sucessful~~~ 2020-10-27 10:26:04,463
INFO birthday_datetime is sucessful~~~ 2020-10-27 10:26:04,537
INFO submit is sucessful~~~ 2020-10-27 10:26:07,878
INFO ------------------登录开始------------------ 2020-10-27 17:32:54,354
INFO username is sucessful~~~ 2020-10-27 17:32:54,451
INFO password is sucessful~~~ 2020-10-27 17:32:56,522
INFO submit is sucessful~~~ 2020-10-27 17:32:58,787
INFO ------------------添加开始------------------ 2020-10-27 17:33:00,833
INFO cus_message is sucessful~~~ 2020-10-27 17:33:00,966
INFO add_customer is sucessful~~~ 2020-10-27 17:33:11,256
INFO customer_name is sucessful~~~ 2020-10-27 17:33:11,346
INFO postion is sucessful~~~ 2020-10-27 17:33:11,415
INFO email is sucessful~~~ 2020-10-27 17:33:11,508
INFO contact is sucessful~~~ 2020-10-27 17:33:11,574
INFO birthday_datetime is sucessful~~~ 2020-10-27 17:33:11,667
INFO submit is sucessful~~~ 2020-10-27 17:33:13,806
INFO ------------------登录开始------------------ 2020-10-27 17:39:45,673
INFO username is sucessful~~~ 2020-10-27 17:39:45,759
INFO password is sucessful~~~ 2020-10-27 17:39:47,834
INFO submit is sucessful~~~ 2020-10-27 17:39:50,076
INFO ------------------登录开始------------------ 2020-10-27 18:40:18,787
INFO username is sucessful~~~ 2020-10-27 18:40:18,882
INFO password is sucessful~~~ 2020-10-27 18:40:20,958
INFO submit is sucessful~~~ 2020-10-27 18:40:23,215
INFO ------------------登录开始------------------ 2020-10-27 18:41:06,631
INFO username is sucessful~~~ 2020-10-27 18:41:06,755
INFO password is sucessful~~~ 2020-10-27 18:41:08,922
INFO submit is sucessful~~~ 2020-10-27 18:41:11,320
INFO ------------------登录开始------------------ 2020-10-27 18:42:02,634
INFO username is sucessful~~~ 2020-10-27 18:42:02,760
INFO password is sucessful~~~ 2020-10-27 18:42:04,878
INFO submit is sucessful~~~ 2020-10-27 18:42:07,261
INFO ------------------登录开始------------------ 2020-10-27 18:44:23,593
INFO username is sucessful~~~ 2020-10-27 18:44:23,770
INFO password is sucessful~~~ 2020-10-27 18:44:25,920
INFO submit is sucessful~~~ 2020-10-27 18:44:28,351
INFO ------------------登录开始------------------ 2020-10-27 18:46:06,110
INFO username is sucessful~~~ 2020-10-27 18:46:06,245
INFO password is sucessful~~~ 2020-10-27 18:46:08,362
INFO submit is sucessful~~~ 2020-10-27 18:46:10,711
INFO ------------------登录开始------------------ 2020-10-27 18:46:56,873
INFO username is sucessful~~~ 2020-10-27 18:46:57,006
INFO password is sucessful~~~ 2020-10-27 18:46:59,122
INFO submit is sucessful~~~ 2020-10-27 18:47:01,489
INFO ------------------登录开始------------------ 2020-10-27 18:48:24,596
INFO username is sucessful~~~ 2020-10-27 18:48:24,742
INFO password is sucessful~~~ 2020-10-27 18:48:26,841
INFO submit is sucessful~~~ 2020-10-27 18:48:29,194
INFO ------------------登录开始------------------ 2020-10-27 18:50:16,569
INFO username is sucessful~~~ 2020-10-27 18:50:16,726
INFO password is sucessful~~~ 2020-10-27 18:50:18,863
INFO submit is sucessful~~~ 2020-10-27 18:50:21,251
INFO ------------------登录开始------------------ 2020-10-27 18:51:41,887
INFO username is sucessful~~~ 2020-10-27 18:51:42,013
INFO password is sucessful~~~ 2020-10-27 18:51:44,185
INFO submit is sucessful~~~ 2020-10-27 18:51:46,548
