INFO ------------------登录开始------------------ 2020-10-29 08:44:12,247
INFO username is sucessful~~~ 2020-10-29 08:44:22,265
INFO password is sucessful~~~ 2020-10-29 08:44:34,313
INFO submit is sucessful~~~ 2020-10-29 08:44:46,345
INFO ------------------添加开始------------------ 2020-10-29 08:44:48,497
INFO ------------------登录开始------------------ 2020-10-29 08:49:11,746
INFO username is sucessful~~~ 2020-10-29 08:49:21,807
INFO password is sucessful~~~ 2020-10-29 08:49:33,875
INFO submit is sucessful~~~ 2020-10-29 08:49:45,899
INFO ------------------添加开始------------------ 2020-10-29 08:49:47,949
INFO ------------------登录开始------------------ 2020-10-29 10:38:20,837
INFO username is sucessful~~~ 2020-10-29 10:38:20,936
INFO password is sucessful~~~ 2020-10-29 10:38:23,011
INFO submit is sucessful~~~ 2020-10-29 10:38:27,543
INFO ------------------添加开始------------------ 2020-10-29 10:38:29,583
INFO cus_message is sucessful~~~ 2020-10-29 10:38:29,692
INFO add_customer is sucessful~~~ 2020-10-29 10:38:40,049
INFO customer_name is sucessful~~~ 2020-10-29 10:38:40,127
INFO postion is sucessful~~~ 2020-10-29 10:38:40,193
INFO email is sucessful~~~ 2020-10-29 10:38:40,275
INFO contact is sucessful~~~ 2020-10-29 10:38:40,338
INFO birthday_datetime is sucessful~~~ 2020-10-29 10:38:40,419
INFO submit is sucessful~~~ 2020-10-29 10:38:42,589
INFO ------------------登录开始------------------ 2020-10-29 10:41:37,498
INFO username is sucessful~~~ 2020-10-29 10:41:37,586
INFO password is sucessful~~~ 2020-10-29 10:41:39,668
INFO submit is sucessful~~~ 2020-10-29 10:41:41,925
INFO ------------------添加开始------------------ 2020-10-29 10:41:43,955
INFO cus_message is sucessful~~~ 2020-10-29 10:41:44,080
INFO add_customer is sucessful~~~ 2020-10-29 10:41:54,365
INFO customer_name is sucessful~~~ 2020-10-29 10:41:54,447
INFO postion is sucessful~~~ 2020-10-29 10:41:54,517
INFO email is sucessful~~~ 2020-10-29 10:41:54,601
INFO contact is sucessful~~~ 2020-10-29 10:41:54,665
INFO birthday_datetime is sucessful~~~ 2020-10-29 10:41:54,751
INFO submit is sucessful~~~ 2020-10-29 10:41:56,881
INFO ------------------登录开始------------------ 2020-10-29 10:42:53,630
INFO username is sucessful~~~ 2020-10-29 10:42:53,727
INFO password is sucessful~~~ 2020-10-29 10:43:07,850
INFO ------------------登录开始------------------ 2020-10-29 10:47:49,051
INFO username is sucessful~~~ 2020-10-29 10:47:49,154
INFO password is sucessful~~~ 2020-10-29 10:47:51,228
INFO submit is sucessful~~~ 2020-10-29 10:47:53,492
INFO ------------------添加开始------------------ 2020-10-29 10:47:55,519
INFO cus_message is sucessful~~~ 2020-10-29 10:47:55,643
INFO add_customer is sucessful~~~ 2020-10-29 10:48:05,916
INFO customer_name is sucessful~~~ 2020-10-29 10:48:06,003
INFO postion is sucessful~~~ 2020-10-29 10:48:06,079
INFO email is sucessful~~~ 2020-10-29 10:48:06,199
INFO contact is sucessful~~~ 2020-10-29 10:48:06,275
INFO birthday_datetime is sucessful~~~ 2020-10-29 10:48:06,379
INFO submit is sucessful~~~ 2020-10-29 10:48:08,496
INFO ------------------登录开始------------------ 2020-10-29 11:06:50,885
INFO username is sucessful~~~ 2020-10-29 11:06:50,988
INFO password is sucessful~~~ 2020-10-29 11:06:53,069
INFO submit is sucessful~~~ 2020-10-29 11:06:55,356
INFO ------------------添加开始------------------ 2020-10-29 11:06:57,395
INFO cus_message is sucessful~~~ 2020-10-29 11:06:57,523
INFO add_customer is sucessful~~~ 2020-10-29 11:07:07,875
INFO customer_name is sucessful~~~ 2020-10-29 11:07:07,964
INFO postion is sucessful~~~ 2020-10-29 11:07:08,035
INFO email is sucessful~~~ 2020-10-29 11:07:08,112
INFO contact is sucessful~~~ 2020-10-29 11:07:08,190
INFO birthday_datetime is sucessful~~~ 2020-10-29 11:07:08,278
INFO submit is sucessful~~~ 2020-10-29 11:07:10,411
INFO ------------------登录开始------------------ 2020-10-29 11:09:00,828
INFO username is sucessful~~~ 2020-10-29 11:09:00,940
INFO password is sucessful~~~ 2020-10-29 11:09:03,017
INFO submit is sucessful~~~ 2020-10-29 11:09:05,266
INFO ------------------添加开始------------------ 2020-10-29 11:09:07,296
INFO cus_message is sucessful~~~ 2020-10-29 11:09:07,428
INFO add_customer is sucessful~~~ 2020-10-29 11:09:17,744
INFO customer_name is sucessful~~~ 2020-10-29 11:09:17,825
INFO postion is sucessful~~~ 2020-10-29 11:09:17,898
INFO email is sucessful~~~ 2020-10-29 11:09:17,983
INFO contact is sucessful~~~ 2020-10-29 11:09:18,049
INFO birthday_datetime is sucessful~~~ 2020-10-29 11:09:18,143
INFO submit is sucessful~~~ 2020-10-29 11:09:20,282
INFO ------------------登录开始------------------ 2020-10-29 11:11:31,876
INFO username is sucessful~~~ 2020-10-29 11:11:31,983
INFO password is sucessful~~~ 2020-10-29 11:11:34,074
INFO submit is sucessful~~~ 2020-10-29 11:11:36,337
INFO ------------------添加开始------------------ 2020-10-29 11:11:38,373
INFO cus_message is sucessful~~~ 2020-10-29 11:11:38,506
INFO add_customer is sucessful~~~ 2020-10-29 11:11:48,847
INFO customer_name is sucessful~~~ 2020-10-29 11:11:48,939
INFO postion is sucessful~~~ 2020-10-29 11:11:49,010
INFO email is sucessful~~~ 2020-10-29 11:11:49,099
INFO contact is sucessful~~~ 2020-10-29 11:11:49,167
INFO birthday_datetime is sucessful~~~ 2020-10-29 11:11:49,255
INFO submit is sucessful~~~ 2020-10-29 11:11:51,398
INFO ------------------登录开始------------------ 2020-10-29 11:13:16,985
INFO username is sucessful~~~ 2020-10-29 11:13:17,081
INFO password is sucessful~~~ 2020-10-29 11:13:19,170
INFO submit is sucessful~~~ 2020-10-29 11:13:21,420
INFO ------------------添加开始------------------ 2020-10-29 11:13:23,444
INFO cus_message is sucessful~~~ 2020-10-29 11:13:23,584
INFO add_customer is sucessful~~~ 2020-10-29 11:13:33,884
INFO customer_name is sucessful~~~ 2020-10-29 11:13:33,966
INFO postion is sucessful~~~ 2020-10-29 11:13:34,036
INFO email is sucessful~~~ 2020-10-29 11:13:34,127
INFO contact is sucessful~~~ 2020-10-29 11:13:34,197
INFO birthday_datetime is sucessful~~~ 2020-10-29 11:13:34,286
INFO submit is sucessful~~~ 2020-10-29 11:13:36,409
INFO ------------------登录开始------------------ 2020-10-29 11:18:33,761
INFO username is sucessful~~~ 2020-10-29 11:18:33,855
INFO password is sucessful~~~ 2020-10-29 11:18:35,939
INFO submit is sucessful~~~ 2020-10-29 11:18:38,203
INFO ------------------添加开始------------------ 2020-10-29 11:18:40,233
INFO cus_message is sucessful~~~ 2020-10-29 11:18:40,375
INFO add_customer is sucessful~~~ 2020-10-29 11:18:50,687
INFO customer_name is sucessful~~~ 2020-10-29 11:18:50,770
INFO postion is sucessful~~~ 2020-10-29 11:18:50,844
INFO email is sucessful~~~ 2020-10-29 11:18:50,930
INFO contact is sucessful~~~ 2020-10-29 11:18:50,993
INFO birthday_datetime is sucessful~~~ 2020-10-29 11:18:51,084
INFO submit is sucessful~~~ 2020-10-29 11:18:53,221
INFO ------------------登录开始------------------ 2020-10-29 11:24:47,971
INFO username is sucessful~~~ 2020-10-29 11:24:48,069
INFO password is sucessful~~~ 2020-10-29 11:24:50,163
INFO submit is sucessful~~~ 2020-10-29 11:24:52,416
INFO ------------------添加开始------------------ 2020-10-29 11:24:54,444
INFO cus_message is sucessful~~~ 2020-10-29 11:24:54,583
INFO add_customer is sucessful~~~ 2020-10-29 11:25:04,932
INFO customer_name is sucessful~~~ 2020-10-29 11:25:05,016
INFO postion is sucessful~~~ 2020-10-29 11:25:05,084
INFO email is sucessful~~~ 2020-10-29 11:25:05,169
INFO contact is sucessful~~~ 2020-10-29 11:25:05,233
INFO birthday_datetime is sucessful~~~ 2020-10-29 11:25:05,319
INFO submit is sucessful~~~ 2020-10-29 11:25:07,448
INFO ------------------登录开始------------------ 2020-10-29 12:55:58,422
INFO username is sucessful~~~ 2020-10-29 12:55:58,525
INFO password is sucessful~~~ 2020-10-29 12:56:00,597
INFO submit is sucessful~~~ 2020-10-29 12:56:02,833
INFO ------------------添加开始------------------ 2020-10-29 12:56:04,888
INFO cus_message is sucessful~~~ 2020-10-29 12:56:05,009
INFO add_customer is sucessful~~~ 2020-10-29 12:56:15,268
INFO customer_name is sucessful~~~ 2020-10-29 12:56:15,349
INFO postion is sucessful~~~ 2020-10-29 12:56:15,414
INFO email is sucessful~~~ 2020-10-29 12:56:15,495
INFO contact is sucessful~~~ 2020-10-29 12:56:15,558
INFO birthday_datetime is sucessful~~~ 2020-10-29 12:56:15,637
INFO submit is sucessful~~~ 2020-10-29 12:56:17,771
INFO ------------------登录开始------------------ 2020-10-29 14:05:59,842
INFO username is sucessful~~~ 2020-10-29 14:05:59,929
INFO password is sucessful~~~ 2020-10-29 14:06:02,002
INFO submit is sucessful~~~ 2020-10-29 14:06:04,235
INFO ------------------添加开始------------------ 2020-10-29 14:06:06,266
INFO cus_message is sucessful~~~ 2020-10-29 14:06:06,398
INFO add_customer is sucessful~~~ 2020-10-29 14:06:16,701
INFO customer_name is sucessful~~~ 2020-10-29 14:06:16,779
INFO postion is sucessful~~~ 2020-10-29 14:06:16,851
INFO email is sucessful~~~ 2020-10-29 14:06:16,933
INFO contact is sucessful~~~ 2020-10-29 14:06:16,992
INFO birthday_datetime is sucessful~~~ 2020-10-29 14:06:17,072
INFO submit is sucessful~~~ 2020-10-29 14:06:19,193
INFO ------------------登录开始------------------ 2020-10-29 14:07:04,759
INFO username is sucessful~~~ 2020-10-29 14:07:04,856
INFO password is sucessful~~~ 2020-10-29 14:07:06,933
INFO submit is sucessful~~~ 2020-10-29 14:07:09,166
INFO ------------------添加开始------------------ 2020-10-29 14:07:11,185
INFO cus_message is sucessful~~~ 2020-10-29 14:07:11,306
INFO add_customer is sucessful~~~ 2020-10-29 14:07:21,617
INFO customer_name is sucessful~~~ 2020-10-29 14:07:21,692
INFO postion is sucessful~~~ 2020-10-29 14:07:21,752
INFO email is sucessful~~~ 2020-10-29 14:07:21,821
INFO contact is sucessful~~~ 2020-10-29 14:07:21,881
INFO birthday_datetime is sucessful~~~ 2020-10-29 14:07:21,951
INFO submit is sucessful~~~ 2020-10-29 14:07:24,080
INFO ------------------登录开始------------------ 2020-10-29 14:12:04,580
INFO username is sucessful~~~ 2020-10-29 14:12:04,678
INFO password is sucessful~~~ 2020-10-29 14:12:06,759
INFO submit is sucessful~~~ 2020-10-29 14:12:09,040
INFO ------------------添加开始------------------ 2020-10-29 14:12:11,063
INFO cus_message is sucessful~~~ 2020-10-29 14:12:11,178
INFO add_customer is sucessful~~~ 2020-10-29 14:12:21,442
INFO customer_name is sucessful~~~ 2020-10-29 14:12:21,525
INFO postion is sucessful~~~ 2020-10-29 14:12:21,591
INFO email is sucessful~~~ 2020-10-29 14:12:21,673
INFO contact is sucessful~~~ 2020-10-29 14:12:21,732
INFO birthday_datetime is sucessful~~~ 2020-10-29 14:12:21,813
INFO submit is sucessful~~~ 2020-10-29 14:12:23,919
INFO ------------------登录开始------------------ 2020-10-29 14:12:56,727
INFO username is sucessful~~~ 2020-10-29 14:12:56,815
INFO password is sucessful~~~ 2020-10-29 14:12:58,877
INFO submit is sucessful~~~ 2020-10-29 14:13:01,159
INFO ------------------添加开始------------------ 2020-10-29 14:13:03,184
INFO cus_message is sucessful~~~ 2020-10-29 14:13:03,313
INFO add_customer is sucessful~~~ 2020-10-29 14:13:13,571
INFO customer_name is sucessful~~~ 2020-10-29 14:13:13,649
INFO postion is sucessful~~~ 2020-10-29 14:13:13,711
INFO email is sucessful~~~ 2020-10-29 14:13:13,779
INFO contact is sucessful~~~ 2020-10-29 14:13:13,837
INFO birthday_datetime is sucessful~~~ 2020-10-29 14:13:13,905
INFO submit is sucessful~~~ 2020-10-29 14:13:16,023
INFO ------------------登录开始------------------ 2020-10-29 14:17:04,658
INFO username is sucessful~~~ 2020-10-29 14:17:04,744
INFO password is sucessful~~~ 2020-10-29 14:17:06,810
INFO submit is sucessful~~~ 2020-10-29 14:17:09,098
INFO ------------------添加开始------------------ 2020-10-29 14:17:11,130
INFO cus_message is sucessful~~~ 2020-10-29 14:17:11,262
INFO add_customer is sucessful~~~ 2020-10-29 14:17:21,538
INFO customer_name is sucessful~~~ 2020-10-29 14:17:21,618
INFO postion is sucessful~~~ 2020-10-29 14:17:21,687
INFO email is sucessful~~~ 2020-10-29 14:17:21,757
INFO contact is sucessful~~~ 2020-10-29 14:17:21,817
INFO birthday_datetime is sucessful~~~ 2020-10-29 14:17:21,893
INFO submit is sucessful~~~ 2020-10-29 14:17:24,013
INFO ------------------登录开始------------------ 2020-10-29 14:22:04,526
INFO username is sucessful~~~ 2020-10-29 14:22:04,622
INFO password is sucessful~~~ 2020-10-29 14:22:06,695
INFO submit is sucessful~~~ 2020-10-29 14:22:09,010
INFO ------------------添加开始------------------ 2020-10-29 14:22:11,043
INFO cus_message is sucessful~~~ 2020-10-29 14:22:11,177
INFO add_customer is sucessful~~~ 2020-10-29 14:22:21,486
INFO customer_name is sucessful~~~ 2020-10-29 14:22:21,567
INFO postion is sucessful~~~ 2020-10-29 14:22:21,633
INFO email is sucessful~~~ 2020-10-29 14:22:21,714
INFO contact is sucessful~~~ 2020-10-29 14:22:21,773
INFO birthday_datetime is sucessful~~~ 2020-10-29 14:22:21,859
INFO submit is sucessful~~~ 2020-10-29 14:22:23,979
INFO ------------------登录开始------------------ 2020-10-29 15:29:43,788
INFO username is sucessful~~~ 2020-10-29 15:29:43,892
INFO password is sucessful~~~ 2020-10-29 15:29:45,960
INFO submit is sucessful~~~ 2020-10-29 15:29:48,198
INFO ------------------添加开始------------------ 2020-10-29 15:29:50,239
INFO cus_message is sucessful~~~ 2020-10-29 15:29:50,374
INFO add_customer is sucessful~~~ 2020-10-29 15:30:00,641
INFO customer_name is sucessful~~~ 2020-10-29 15:30:00,717
INFO postion is sucessful~~~ 2020-10-29 15:30:00,783
INFO email is sucessful~~~ 2020-10-29 15:30:00,864
INFO contact is sucessful~~~ 2020-10-29 15:30:00,926
INFO birthday_datetime is sucessful~~~ 2020-10-29 15:30:01,005
INFO submit is sucessful~~~ 2020-10-29 15:30:03,125
INFO ------------------登录开始------------------ 2020-10-29 15:38:09,692
INFO username is sucessful~~~ 2020-10-29 15:38:09,787
INFO password is sucessful~~~ 2020-10-29 15:38:11,863
INFO submit is sucessful~~~ 2020-10-29 15:38:14,159
INFO ------------------添加开始------------------ 2020-10-29 15:38:16,187
INFO cus_message is sucessful~~~ 2020-10-29 15:38:16,299
INFO add_customer is sucessful~~~ 2020-10-29 15:38:26,580
INFO customer_name is sucessful~~~ 2020-10-29 15:38:26,660
INFO postion is sucessful~~~ 2020-10-29 15:38:26,725
INFO email is sucessful~~~ 2020-10-29 15:38:26,806
INFO contact is sucessful~~~ 2020-10-29 15:38:26,866
INFO birthday_datetime is sucessful~~~ 2020-10-29 15:38:26,945
INFO submit is sucessful~~~ 2020-10-29 15:38:29,058
INFO ------------------登录开始------------------ 2020-10-29 15:48:20,321
INFO username is sucessful~~~ 2020-10-29 15:48:20,410
INFO password is sucessful~~~ 2020-10-29 15:48:22,491
INFO submit is sucessful~~~ 2020-10-29 15:48:24,745
INFO ------------------添加开始------------------ 2020-10-29 15:48:26,826
INFO cus_message is sucessful~~~ 2020-10-29 15:48:26,941
INFO add_customer is sucessful~~~ 2020-10-29 15:48:37,215
INFO customer_name is sucessful~~~ 2020-10-29 15:48:37,299
INFO postion is sucessful~~~ 2020-10-29 15:48:37,370
INFO email is sucessful~~~ 2020-10-29 15:48:37,452
INFO contact is sucessful~~~ 2020-10-29 15:48:37,511
INFO birthday_datetime is sucessful~~~ 2020-10-29 15:48:37,594
INFO submit is sucessful~~~ 2020-10-29 15:48:39,709
INFO ------------------登录开始------------------ 2020-10-29 15:50:23,566
INFO username is sucessful~~~ 2020-10-29 15:50:23,660
INFO password is sucessful~~~ 2020-10-29 15:50:25,729
INFO submit is sucessful~~~ 2020-10-29 15:50:27,994
INFO ------------------添加开始------------------ 2020-10-29 15:50:30,014
INFO cus_message is sucessful~~~ 2020-10-29 15:50:30,132
INFO add_customer is sucessful~~~ 2020-10-29 15:50:40,417
INFO customer_name is sucessful~~~ 2020-10-29 15:50:40,499
INFO postion is sucessful~~~ 2020-10-29 15:50:40,563
INFO email is sucessful~~~ 2020-10-29 15:50:40,642
INFO contact is sucessful~~~ 2020-10-29 15:50:40,705
INFO birthday_datetime is sucessful~~~ 2020-10-29 15:50:40,787
INFO submit is sucessful~~~ 2020-10-29 15:50:42,915
