INFO ------------------登录开始------------------ 2020-10-28 09:38:16,144
INFO username is sucessful~~~ 2020-10-28 09:38:19,167
INFO password is sucessful~~~ 2020-10-28 09:38:21,175
INFO submit is sucessful~~~ 2020-10-28 09:38:23,187
INFO ------------------登录开始------------------ 2020-10-28 15:41:45,382
INFO username is sucessful~~~ 2020-10-28 15:41:45,491
INFO password is sucessful~~~ 2020-10-28 15:41:47,582
INFO submit is sucessful~~~ 2020-10-28 15:41:49,891
INFO ------------------添加开始------------------ 2020-10-28 15:41:51,928
INFO cus_message is sucessful~~~ 2020-10-28 15:41:52,057
INFO add_customer is sucessful~~~ 2020-10-28 15:42:02,357
INFO customer_name is sucessful~~~ 2020-10-28 15:42:02,440
INFO postion is sucessful~~~ 2020-10-28 15:42:02,510
INFO email is sucessful~~~ 2020-10-28 15:42:02,590
INFO contact is sucessful~~~ 2020-10-28 15:42:02,660
INFO birthday_datetime is sucessful~~~ 2020-10-28 15:42:02,741
INFO submit is sucessful~~~ 2020-10-28 15:42:04,901
INFO ------------------登录开始------------------ 2020-10-28 15:45:53,327
INFO username is sucessful~~~ 2020-10-28 15:45:53,432
INFO password is sucessful~~~ 2020-10-28 15:45:55,523
INFO submit is sucessful~~~ 2020-10-28 15:45:57,801
INFO ------------------添加开始------------------ 2020-10-28 15:45:59,842
INFO cus_message is sucessful~~~ 2020-10-28 15:45:59,975
INFO add_customer is sucessful~~~ 2020-10-28 15:46:10,275
INFO customer_name is sucessful~~~ 2020-10-28 15:46:10,367
INFO postion is sucessful~~~ 2020-10-28 15:46:10,436
INFO email is sucessful~~~ 2020-10-28 15:46:10,516
INFO contact is sucessful~~~ 2020-10-28 15:46:10,582
INFO birthday_datetime is sucessful~~~ 2020-10-28 15:46:10,660
INFO submit is sucessful~~~ 2020-10-28 15:46:12,795
INFO ------------------登录开始------------------ 2020-10-28 15:49:22,460
INFO username is sucessful~~~ 2020-10-28 15:49:22,559
INFO password is sucessful~~~ 2020-10-28 15:49:24,638
INFO submit is sucessful~~~ 2020-10-28 15:49:26,904
INFO ------------------添加开始------------------ 2020-10-28 15:49:28,935
INFO cus_message is sucessful~~~ 2020-10-28 15:49:29,066
INFO add_customer is sucessful~~~ 2020-10-28 15:49:39,378
INFO customer_name is sucessful~~~ 2020-10-28 15:49:39,461
INFO postion is sucessful~~~ 2020-10-28 15:49:39,535
INFO email is sucessful~~~ 2020-10-28 15:49:39,627
INFO contact is sucessful~~~ 2020-10-28 15:49:39,695
INFO birthday_datetime is sucessful~~~ 2020-10-28 15:49:39,786
INFO submit is sucessful~~~ 2020-10-28 15:49:41,919
INFO ------------------登录开始------------------ 2020-10-28 15:55:05,820
INFO username is sucessful~~~ 2020-10-28 15:55:05,917
INFO password is sucessful~~~ 2020-10-28 15:55:08,000
INFO submit is sucessful~~~ 2020-10-28 15:55:10,274
INFO ------------------添加开始------------------ 2020-10-28 15:55:12,309
INFO cus_message is sucessful~~~ 2020-10-28 15:55:12,449
INFO ------------------登录开始------------------ 2020-10-28 15:57:58,043
INFO username is sucessful~~~ 2020-10-28 15:57:58,129
INFO password is sucessful~~~ 2020-10-28 15:58:00,203
INFO submit is sucessful~~~ 2020-10-28 15:58:02,515
INFO ------------------添加开始------------------ 2020-10-28 15:58:04,545
INFO cus_message is sucessful~~~ 2020-10-28 15:58:04,675
INFO add_customer is sucessful~~~ 2020-10-28 15:58:15,007
INFO customer_name is sucessful~~~ 2020-10-28 15:58:15,090
INFO postion is sucessful~~~ 2020-10-28 15:58:15,161
INFO email is sucessful~~~ 2020-10-28 15:58:15,246
INFO contact is sucessful~~~ 2020-10-28 15:58:15,309
INFO birthday_datetime is sucessful~~~ 2020-10-28 15:58:15,396
INFO submit is sucessful~~~ 2020-10-28 15:58:17,536
INFO ------------------登录开始------------------ 2020-10-28 15:58:26,279
INFO username is sucessful~~~ 2020-10-28 15:58:26,381
INFO password is sucessful~~~ 2020-10-28 15:58:28,481
INFO submit is sucessful~~~ 2020-10-28 15:58:30,756
INFO ------------------添加开始------------------ 2020-10-28 15:58:32,785
INFO cus_message is sucessful~~~ 2020-10-28 15:58:32,915
INFO add_customer is sucessful~~~ 2020-10-28 15:58:43,222
INFO customer_name is sucessful~~~ 2020-10-28 15:58:43,304
INFO postion is sucessful~~~ 2020-10-28 15:58:43,375
INFO email is sucessful~~~ 2020-10-28 15:58:43,464
INFO contact is sucessful~~~ 2020-10-28 15:58:43,533
INFO birthday_datetime is sucessful~~~ 2020-10-28 15:58:43,617
INFO submit is sucessful~~~ 2020-10-28 15:58:45,736
INFO ------------------登录开始------------------ 2020-10-28 16:01:25,383
INFO username is sucessful~~~ 2020-10-28 16:01:25,496
INFO password is sucessful~~~ 2020-10-28 16:01:27,576
INFO submit is sucessful~~~ 2020-10-28 16:01:29,841
INFO ------------------添加开始------------------ 2020-10-28 16:01:31,875
INFO cus_message is sucessful~~~ 2020-10-28 16:01:32,010
INFO add_customer is sucessful~~~ 2020-10-28 16:01:42,335
INFO customer_name is sucessful~~~ 2020-10-28 16:01:42,417
INFO postion is sucessful~~~ 2020-10-28 16:01:42,487
INFO email is sucessful~~~ 2020-10-28 16:01:42,571
INFO contact is sucessful~~~ 2020-10-28 16:01:42,635
INFO birthday_datetime is sucessful~~~ 2020-10-28 16:01:42,723
INFO submit is sucessful~~~ 2020-10-28 16:01:44,853
INFO ------------------登录开始------------------ 2020-10-28 16:02:06,288
INFO username is sucessful~~~ 2020-10-28 16:02:06,386
INFO password is sucessful~~~ 2020-10-28 16:02:08,480
INFO submit is sucessful~~~ 2020-10-28 16:02:10,747
INFO ------------------添加开始------------------ 2020-10-28 16:02:12,771
INFO cus_message is sucessful~~~ 2020-10-28 16:02:12,907
INFO add_customer is sucessful~~~ 2020-10-28 16:02:23,227
INFO customer_name is sucessful~~~ 2020-10-28 16:02:23,307
INFO postion is sucessful~~~ 2020-10-28 16:02:23,375
INFO email is sucessful~~~ 2020-10-28 16:02:23,448
INFO contact is sucessful~~~ 2020-10-28 16:02:23,508
INFO birthday_datetime is sucessful~~~ 2020-10-28 16:02:23,593
INFO submit is sucessful~~~ 2020-10-28 16:02:25,742
INFO ------------------登录开始------------------ 2020-10-28 16:03:30,474
INFO username is sucessful~~~ 2020-10-28 16:03:30,576
INFO password is sucessful~~~ 2020-10-28 16:03:32,651
INFO submit is sucessful~~~ 2020-10-28 16:03:34,922
INFO ------------------添加开始------------------ 2020-10-28 16:03:36,953
INFO cus_message is sucessful~~~ 2020-10-28 16:03:37,081
INFO add_customer is sucessful~~~ 2020-10-28 16:03:47,397
INFO customer_name is sucessful~~~ 2020-10-28 16:03:47,481
INFO postion is sucessful~~~ 2020-10-28 16:03:47,548
INFO email is sucessful~~~ 2020-10-28 16:03:47,633
INFO contact is sucessful~~~ 2020-10-28 16:03:47,696
INFO birthday_datetime is sucessful~~~ 2020-10-28 16:03:47,784
INFO submit is sucessful~~~ 2020-10-28 16:03:49,909
INFO ------------------登录开始------------------ 2020-10-28 16:05:32,130
INFO username is sucessful~~~ 2020-10-28 16:05:32,226
INFO password is sucessful~~~ 2020-10-28 16:05:34,306
INFO submit is sucessful~~~ 2020-10-28 16:05:36,568
INFO ------------------添加开始------------------ 2020-10-28 16:05:38,592
INFO cus_message is sucessful~~~ 2020-10-28 16:05:38,720
INFO add_customer is sucessful~~~ 2020-10-28 16:05:49,047
INFO customer_name is sucessful~~~ 2020-10-28 16:05:49,132
INFO postion is sucessful~~~ 2020-10-28 16:05:49,200
INFO email is sucessful~~~ 2020-10-28 16:05:49,286
INFO contact is sucessful~~~ 2020-10-28 16:05:49,348
INFO birthday_datetime is sucessful~~~ 2020-10-28 16:05:49,435
INFO submit is sucessful~~~ 2020-10-28 16:05:51,565
INFO ------------------登录开始------------------ 2020-10-28 16:06:06,324
INFO username is sucessful~~~ 2020-10-28 16:06:06,424
INFO password is sucessful~~~ 2020-10-28 16:06:08,505
INFO submit is sucessful~~~ 2020-10-28 16:06:10,785
INFO ------------------添加开始------------------ 2020-10-28 16:06:12,814
INFO cus_message is sucessful~~~ 2020-10-28 16:06:12,948
INFO add_customer is sucessful~~~ 2020-10-28 16:06:23,248
INFO customer_name is sucessful~~~ 2020-10-28 16:06:23,322
INFO postion is sucessful~~~ 2020-10-28 16:06:23,390
INFO email is sucessful~~~ 2020-10-28 16:06:23,463
INFO contact is sucessful~~~ 2020-10-28 16:06:23,524
INFO birthday_datetime is sucessful~~~ 2020-10-28 16:06:23,594
INFO submit is sucessful~~~ 2020-10-28 16:06:25,732
INFO ------------------登录开始------------------ 2020-10-28 16:10:06,281
INFO username is sucessful~~~ 2020-10-28 16:10:06,375
INFO password is sucessful~~~ 2020-10-28 16:10:08,463
INFO submit is sucessful~~~ 2020-10-28 16:10:10,745
INFO ------------------添加开始------------------ 2020-10-28 16:10:12,779
INFO cus_message is sucessful~~~ 2020-10-28 16:10:12,911
INFO add_customer is sucessful~~~ 2020-10-28 16:10:23,237
INFO customer_name is sucessful~~~ 2020-10-28 16:10:23,320
INFO postion is sucessful~~~ 2020-10-28 16:10:23,390
INFO email is sucessful~~~ 2020-10-28 16:10:23,476
INFO contact is sucessful~~~ 2020-10-28 16:10:23,542
INFO birthday_datetime is sucessful~~~ 2020-10-28 16:10:23,629
INFO submit is sucessful~~~ 2020-10-28 16:10:25,746
INFO ------------------登录开始------------------ 2020-10-28 16:13:20,561
INFO username is sucessful~~~ 2020-10-28 16:13:20,658
INFO password is sucessful~~~ 2020-10-28 16:13:22,742
INFO submit is sucessful~~~ 2020-10-28 16:13:24,988
INFO ------------------添加开始------------------ 2020-10-28 16:13:27,018
INFO cus_message is sucessful~~~ 2020-10-28 16:13:27,145
INFO add_customer is sucessful~~~ 2020-10-28 16:13:37,450
INFO customer_name is sucessful~~~ 2020-10-28 16:13:37,530
INFO postion is sucessful~~~ 2020-10-28 16:13:37,599
INFO email is sucessful~~~ 2020-10-28 16:13:37,683
INFO contact is sucessful~~~ 2020-10-28 16:13:37,742
INFO birthday_datetime is sucessful~~~ 2020-10-28 16:13:37,828
INFO submit is sucessful~~~ 2020-10-28 16:13:39,957
INFO ------------------登录开始------------------ 2020-10-28 16:14:06,345
INFO username is sucessful~~~ 2020-10-28 16:14:06,449
INFO password is sucessful~~~ 2020-10-28 16:14:20,562
INFO ------------------登录开始------------------ 2020-10-28 16:15:23,203
INFO username is sucessful~~~ 2020-10-28 16:15:23,295
INFO password is sucessful~~~ 2020-10-28 16:15:25,376
INFO submit is sucessful~~~ 2020-10-28 16:15:27,630
INFO ------------------添加开始------------------ 2020-10-28 16:15:29,660
INFO cus_message is sucessful~~~ 2020-10-28 16:15:29,783
INFO add_customer is sucessful~~~ 2020-10-28 16:15:40,106
INFO customer_name is sucessful~~~ 2020-10-28 16:15:40,181
INFO postion is sucessful~~~ 2020-10-28 16:15:40,245
INFO email is sucessful~~~ 2020-10-28 16:15:40,322
INFO contact is sucessful~~~ 2020-10-28 16:15:40,382
INFO birthday_datetime is sucessful~~~ 2020-10-28 16:15:40,456
INFO submit is sucessful~~~ 2020-10-28 16:15:42,575
INFO ------------------登录开始------------------ 2020-10-28 16:18:06,282
INFO username is sucessful~~~ 2020-10-28 16:18:06,381
INFO password is sucessful~~~ 2020-10-28 16:18:08,466
INFO submit is sucessful~~~ 2020-10-28 16:18:10,750
INFO ------------------添加开始------------------ 2020-10-28 16:18:12,784
INFO cus_message is sucessful~~~ 2020-10-28 16:18:12,905
INFO add_customer is sucessful~~~ 2020-10-28 16:18:23,215
INFO customer_name is sucessful~~~ 2020-10-28 16:18:23,301
INFO postion is sucessful~~~ 2020-10-28 16:18:23,369
INFO email is sucessful~~~ 2020-10-28 16:18:23,454
INFO contact is sucessful~~~ 2020-10-28 16:18:23,519
INFO birthday_datetime is sucessful~~~ 2020-10-28 16:18:23,605
INFO submit is sucessful~~~ 2020-10-28 16:18:25,749
INFO ------------------登录开始------------------ 2020-10-28 16:22:06,451
INFO username is sucessful~~~ 2020-10-28 16:22:06,546
INFO password is sucessful~~~ 2020-10-28 16:22:08,613
INFO submit is sucessful~~~ 2020-10-28 16:22:10,871
INFO ------------------添加开始------------------ 2020-10-28 16:22:12,893
INFO cus_message is sucessful~~~ 2020-10-28 16:22:13,032
INFO add_customer is sucessful~~~ 2020-10-28 16:22:23,329
INFO customer_name is sucessful~~~ 2020-10-28 16:22:23,405
INFO postion is sucessful~~~ 2020-10-28 16:22:23,468
INFO email is sucessful~~~ 2020-10-28 16:22:23,543
INFO contact is sucessful~~~ 2020-10-28 16:22:23,602
INFO birthday_datetime is sucessful~~~ 2020-10-28 16:22:23,677
INFO submit is sucessful~~~ 2020-10-28 16:22:25,805
INFO ------------------登录开始------------------ 2020-10-28 16:26:06,295
INFO username is sucessful~~~ 2020-10-28 16:26:06,379
INFO password is sucessful~~~ 2020-10-28 16:26:08,450
INFO submit is sucessful~~~ 2020-10-28 16:26:10,690
INFO ------------------添加开始------------------ 2020-10-28 16:26:12,713
INFO cus_message is sucessful~~~ 2020-10-28 16:26:12,844
INFO add_customer is sucessful~~~ 2020-10-28 16:26:23,147
INFO customer_name is sucessful~~~ 2020-10-28 16:26:23,242
INFO postion is sucessful~~~ 2020-10-28 16:26:23,315
INFO email is sucessful~~~ 2020-10-28 16:26:23,399
INFO contact is sucessful~~~ 2020-10-28 16:26:23,473
INFO birthday_datetime is sucessful~~~ 2020-10-28 16:26:23,562
INFO submit is sucessful~~~ 2020-10-28 16:26:25,695
INFO ------------------登录开始------------------ 2020-10-28 16:28:37,395
INFO username is sucessful~~~ 2020-10-28 16:28:37,486
INFO password is sucessful~~~ 2020-10-28 16:28:39,558
INFO submit is sucessful~~~ 2020-10-28 16:28:41,695
INFO ------------------登录开始------------------ 2020-10-28 16:28:53,437
INFO username is sucessful~~~ 2020-10-28 16:28:53,516
INFO password is sucessful~~~ 2020-10-28 16:28:55,574
INFO submit is sucessful~~~ 2020-10-28 16:28:57,636
INFO ------------------登录开始------------------ 2020-10-28 16:29:09,326
INFO username is sucessful~~~ 2020-10-28 16:29:09,415
INFO password is sucessful~~~ 2020-10-28 16:29:11,497
INFO submit is sucessful~~~ 2020-10-28 16:29:13,774
INFO ------------------登录开始------------------ 2020-10-28 16:29:25,518
INFO username is sucessful~~~ 2020-10-28 16:29:25,602
INFO password is sucessful~~~ 2020-10-28 16:29:27,676
INFO submit is sucessful~~~ 2020-10-28 16:29:29,783
INFO ------------------登录开始------------------ 2020-10-28 16:29:41,655
INFO username is sucessful~~~ 2020-10-28 16:29:41,750
INFO password is sucessful~~~ 2020-10-28 16:29:43,823
INFO submit is sucessful~~~ 2020-10-28 16:29:45,901
INFO ------------------登录开始------------------ 2020-10-28 16:29:57,662
INFO username is sucessful~~~ 2020-10-28 16:29:57,756
INFO password is sucessful~~~ 2020-10-28 16:29:59,832
INFO submit is sucessful~~~ 2020-10-28 16:30:01,974
INFO ------------------登录开始------------------ 2020-10-28 16:30:13,755
INFO username is sucessful~~~ 2020-10-28 16:30:13,831
INFO password is sucessful~~~ 2020-10-28 16:30:15,905
INFO submit is sucessful~~~ 2020-10-28 16:30:17,966
INFO ------------------登录开始------------------ 2020-10-28 16:32:06,301
INFO username is sucessful~~~ 2020-10-28 16:32:06,389
INFO password is sucessful~~~ 2020-10-28 16:32:08,465
INFO submit is sucessful~~~ 2020-10-28 16:32:10,574
INFO ------------------登录开始------------------ 2020-10-28 16:32:22,439
INFO username is sucessful~~~ 2020-10-28 16:32:22,519
INFO password is sucessful~~~ 2020-10-28 16:32:24,582
INFO submit is sucessful~~~ 2020-10-28 16:32:26,648
INFO ------------------登录开始------------------ 2020-10-28 16:32:38,411
INFO username is sucessful~~~ 2020-10-28 16:32:38,512
INFO password is sucessful~~~ 2020-10-28 16:32:40,590
INFO submit is sucessful~~~ 2020-10-28 16:32:42,844
INFO ------------------登录开始------------------ 2020-10-28 16:32:54,649
INFO username is sucessful~~~ 2020-10-28 16:32:54,789
INFO password is sucessful~~~ 2020-10-28 16:32:56,867
INFO submit is sucessful~~~ 2020-10-28 16:32:58,984
INFO ------------------登录开始------------------ 2020-10-28 16:33:10,653
INFO username is sucessful~~~ 2020-10-28 16:33:10,741
INFO password is sucessful~~~ 2020-10-28 16:33:12,802
INFO submit is sucessful~~~ 2020-10-28 16:33:14,862
INFO ------------------登录开始------------------ 2020-10-28 16:33:26,721
INFO username is sucessful~~~ 2020-10-28 16:33:26,894
INFO password is sucessful~~~ 2020-10-28 16:33:28,971
INFO submit is sucessful~~~ 2020-10-28 16:33:31,079
INFO ------------------登录开始------------------ 2020-10-28 16:33:43,021
INFO username is sucessful~~~ 2020-10-28 16:33:43,101
INFO password is sucessful~~~ 2020-10-28 16:33:45,191
INFO submit is sucessful~~~ 2020-10-28 16:33:47,252
INFO ------------------登录开始------------------ 2020-10-28 16:37:06,435
INFO username is sucessful~~~ 2020-10-28 16:37:06,519
INFO password is sucessful~~~ 2020-10-28 16:37:08,596
INFO submit is sucessful~~~ 2020-10-28 16:37:10,713
INFO ------------------登录开始------------------ 2020-10-28 16:37:22,542
INFO username is sucessful~~~ 2020-10-28 16:37:22,618
INFO password is sucessful~~~ 2020-10-28 16:37:24,691
INFO submit is sucessful~~~ 2020-10-28 16:37:26,771
INFO ------------------登录开始------------------ 2020-10-28 16:37:38,539
INFO username is sucessful~~~ 2020-10-28 16:37:38,636
INFO password is sucessful~~~ 2020-10-28 16:37:40,726
INFO submit is sucessful~~~ 2020-10-28 16:37:42,984
INFO ------------------登录开始------------------ 2020-10-28 16:37:54,946
INFO username is sucessful~~~ 2020-10-28 16:37:55,047
INFO password is sucessful~~~ 2020-10-28 16:37:57,130
INFO submit is sucessful~~~ 2020-10-28 16:37:59,239
INFO ------------------登录开始------------------ 2020-10-28 16:38:10,946
INFO username is sucessful~~~ 2020-10-28 16:38:11,038
INFO password is sucessful~~~ 2020-10-28 16:38:13,110
INFO submit is sucessful~~~ 2020-10-28 16:38:15,168
INFO ------------------登录开始------------------ 2020-10-28 16:38:26,983
INFO username is sucessful~~~ 2020-10-28 16:38:27,077
INFO password is sucessful~~~ 2020-10-28 16:38:29,153
INFO submit is sucessful~~~ 2020-10-28 16:38:31,265
INFO ------------------登录开始------------------ 2020-10-28 16:38:42,923
INFO username is sucessful~~~ 2020-10-28 16:38:43,005
INFO password is sucessful~~~ 2020-10-28 16:38:45,085
INFO submit is sucessful~~~ 2020-10-28 16:38:47,160
INFO ------------------登录开始------------------ 2020-10-28 16:42:06,392
INFO username is sucessful~~~ 2020-10-28 16:42:06,478
INFO password is sucessful~~~ 2020-10-28 16:42:08,568
INFO submit is sucessful~~~ 2020-10-28 16:42:10,689
INFO ------------------登录开始------------------ 2020-10-28 16:42:22,420
INFO username is sucessful~~~ 2020-10-28 16:42:22,495
INFO password is sucessful~~~ 2020-10-28 16:42:24,560
INFO submit is sucessful~~~ 2020-10-28 16:42:26,629
INFO ------------------登录开始------------------ 2020-10-28 16:42:38,286
INFO username is sucessful~~~ 2020-10-28 16:42:38,370
INFO password is sucessful~~~ 2020-10-28 16:42:40,447
INFO submit is sucessful~~~ 2020-10-28 16:42:42,720
INFO ------------------登录开始------------------ 2020-10-28 16:42:54,403
INFO username is sucessful~~~ 2020-10-28 16:42:54,494
INFO password is sucessful~~~ 2020-10-28 16:42:56,556
INFO submit is sucessful~~~ 2020-10-28 16:42:58,669
INFO ------------------登录开始------------------ 2020-10-28 16:43:10,372
INFO username is sucessful~~~ 2020-10-28 16:43:10,458
INFO password is sucessful~~~ 2020-10-28 16:43:12,523
INFO submit is sucessful~~~ 2020-10-28 16:43:14,588
INFO ------------------登录开始------------------ 2020-10-28 16:43:26,259
INFO username is sucessful~~~ 2020-10-28 16:43:26,349
INFO password is sucessful~~~ 2020-10-28 16:43:28,430
INFO submit is sucessful~~~ 2020-10-28 16:43:30,552
INFO ------------------登录开始------------------ 2020-10-28 16:43:42,152
INFO username is sucessful~~~ 2020-10-28 16:43:42,227
INFO password is sucessful~~~ 2020-10-28 16:43:44,301
INFO submit is sucessful~~~ 2020-10-28 16:43:46,372
INFO ------------------登录开始------------------ 2020-10-28 16:47:06,494
INFO username is sucessful~~~ 2020-10-28 16:47:06,580
INFO password is sucessful~~~ 2020-10-28 16:47:08,642
INFO submit is sucessful~~~ 2020-10-28 16:47:10,756
INFO ------------------登录开始------------------ 2020-10-28 16:47:22,472
INFO username is sucessful~~~ 2020-10-28 16:47:22,550
INFO password is sucessful~~~ 2020-10-28 16:47:24,620
INFO submit is sucessful~~~ 2020-10-28 16:47:26,690
INFO ------------------登录开始------------------ 2020-10-28 16:47:38,366
INFO username is sucessful~~~ 2020-10-28 16:47:38,454
INFO password is sucessful~~~ 2020-10-28 16:47:40,539
INFO submit is sucessful~~~ 2020-10-28 16:47:42,779
INFO ------------------登录开始------------------ 2020-10-28 16:47:54,467
INFO username is sucessful~~~ 2020-10-28 16:47:54,559
INFO password is sucessful~~~ 2020-10-28 16:47:56,639
INFO submit is sucessful~~~ 2020-10-28 16:47:58,742
INFO ------------------登录开始------------------ 2020-10-28 16:48:10,511
INFO username is sucessful~~~ 2020-10-28 16:48:10,601
INFO password is sucessful~~~ 2020-10-28 16:48:12,670
INFO submit is sucessful~~~ 2020-10-28 16:48:14,726
INFO ------------------登录开始------------------ 2020-10-28 16:48:26,425
INFO username is sucessful~~~ 2020-10-28 16:48:26,509
INFO password is sucessful~~~ 2020-10-28 16:48:28,587
INFO submit is sucessful~~~ 2020-10-28 16:48:30,695
INFO ------------------登录开始------------------ 2020-10-28 16:48:42,372
INFO username is sucessful~~~ 2020-10-28 16:48:42,448
INFO password is sucessful~~~ 2020-10-28 16:48:44,524
INFO submit is sucessful~~~ 2020-10-28 16:48:46,594
INFO ------------------登录开始------------------ 2020-10-28 16:52:06,278
INFO username is sucessful~~~ 2020-10-28 16:52:06,365
INFO password is sucessful~~~ 2020-10-28 16:52:08,457
INFO submit is sucessful~~~ 2020-10-28 16:52:10,565
INFO ------------------登录开始------------------ 2020-10-28 16:52:22,297
INFO username is sucessful~~~ 2020-10-28 16:52:22,369
INFO password is sucessful~~~ 2020-10-28 16:52:24,435
INFO submit is sucessful~~~ 2020-10-28 16:52:26,514
INFO ------------------登录开始------------------ 2020-10-28 16:52:38,197
INFO username is sucessful~~~ 2020-10-28 16:52:38,281
INFO password is sucessful~~~ 2020-10-28 16:52:40,354
INFO submit is sucessful~~~ 2020-10-28 16:52:42,634
INFO ------------------登录开始------------------ 2020-10-28 16:52:54,440
INFO username is sucessful~~~ 2020-10-28 16:52:54,528
INFO password is sucessful~~~ 2020-10-28 16:52:56,605
INFO submit is sucessful~~~ 2020-10-28 16:52:58,724
INFO ------------------登录开始------------------ 2020-10-28 16:53:10,492
INFO username is sucessful~~~ 2020-10-28 16:53:10,588
INFO password is sucessful~~~ 2020-10-28 16:53:12,663
INFO submit is sucessful~~~ 2020-10-28 16:53:14,731
INFO ------------------登录开始------------------ 2020-10-28 16:53:26,528
INFO username is sucessful~~~ 2020-10-28 16:53:26,622
INFO password is sucessful~~~ 2020-10-28 16:53:28,694
INFO submit is sucessful~~~ 2020-10-28 16:53:30,808
INFO ------------------登录开始------------------ 2020-10-28 16:53:42,582
INFO username is sucessful~~~ 2020-10-28 16:53:42,657
INFO password is sucessful~~~ 2020-10-28 16:53:44,734
INFO submit is sucessful~~~ 2020-10-28 16:53:46,798
INFO ------------------登录开始------------------ 2020-10-28 16:57:06,327
INFO username is sucessful~~~ 2020-10-28 16:57:06,418
INFO password is sucessful~~~ 2020-10-28 16:57:08,497
INFO submit is sucessful~~~ 2020-10-28 16:57:10,626
INFO ------------------登录开始------------------ 2020-10-28 16:57:22,296
INFO username is sucessful~~~ 2020-10-28 16:57:22,367
INFO password is sucessful~~~ 2020-10-28 16:57:24,427
INFO submit is sucessful~~~ 2020-10-28 16:57:26,510
INFO ------------------登录开始------------------ 2020-10-28 16:57:38,157
INFO username is sucessful~~~ 2020-10-28 16:57:38,246
INFO password is sucessful~~~ 2020-10-28 16:57:40,325
INFO submit is sucessful~~~ 2020-10-28 16:57:42,614
INFO ------------------登录开始------------------ 2020-10-28 16:57:54,350
INFO username is sucessful~~~ 2020-10-28 16:57:54,442
INFO password is sucessful~~~ 2020-10-28 16:57:56,522
INFO submit is sucessful~~~ 2020-10-28 16:57:58,678
INFO ------------------登录开始------------------ 2020-10-28 16:58:12,199
INFO username is sucessful~~~ 2020-10-28 16:58:12,280
INFO password is sucessful~~~ 2020-10-28 16:58:14,348
INFO submit is sucessful~~~ 2020-10-28 16:58:16,400
INFO ------------------登录开始------------------ 2020-10-28 16:58:28,115
INFO username is sucessful~~~ 2020-10-28 16:58:28,202
INFO password is sucessful~~~ 2020-10-28 16:58:30,273
INFO submit is sucessful~~~ 2020-10-28 16:58:32,384
INFO ------------------登录开始------------------ 2020-10-28 16:58:44,137
INFO username is sucessful~~~ 2020-10-28 16:58:44,213
INFO password is sucessful~~~ 2020-10-28 16:58:46,299
INFO submit is sucessful~~~ 2020-10-28 16:58:48,374
INFO ------------------登录开始------------------ 2020-10-28 17:02:06,356
INFO username is sucessful~~~ 2020-10-28 17:02:06,443
INFO password is sucessful~~~ 2020-10-28 17:02:08,519
INFO submit is sucessful~~~ 2020-10-28 17:02:10,625
INFO ------------------登录开始------------------ 2020-10-28 17:02:22,363
INFO username is sucessful~~~ 2020-10-28 17:02:22,441
INFO password is sucessful~~~ 2020-10-28 17:02:24,508
INFO submit is sucessful~~~ 2020-10-28 17:02:26,572
INFO ------------------登录开始------------------ 2020-10-28 17:02:38,256
INFO username is sucessful~~~ 2020-10-28 17:02:38,356
INFO password is sucessful~~~ 2020-10-28 17:02:40,416
INFO submit is sucessful~~~ 2020-10-28 17:02:42,675
INFO ------------------登录开始------------------ 2020-10-28 17:02:54,443
INFO username is sucessful~~~ 2020-10-28 17:02:54,553
INFO password is sucessful~~~ 2020-10-28 17:02:56,632
INFO submit is sucessful~~~ 2020-10-28 17:02:58,751
INFO ------------------登录开始------------------ 2020-10-28 17:03:10,410
INFO username is sucessful~~~ 2020-10-28 17:03:10,505
INFO password is sucessful~~~ 2020-10-28 17:03:12,580
INFO submit is sucessful~~~ 2020-10-28 17:03:14,646
INFO ------------------登录开始------------------ 2020-10-28 17:03:26,316
INFO username is sucessful~~~ 2020-10-28 17:03:26,410
INFO password is sucessful~~~ 2020-10-28 17:03:28,494
INFO submit is sucessful~~~ 2020-10-28 17:03:30,629
INFO ------------------登录开始------------------ 2020-10-28 17:03:42,320
INFO username is sucessful~~~ 2020-10-28 17:03:42,397
INFO password is sucessful~~~ 2020-10-28 17:03:44,480
INFO submit is sucessful~~~ 2020-10-28 17:03:46,549
INFO ------------------登录开始------------------ 2020-10-28 17:07:06,304
INFO username is sucessful~~~ 2020-10-28 17:07:06,396
INFO password is sucessful~~~ 2020-10-28 17:07:08,475
INFO submit is sucessful~~~ 2020-10-28 17:07:10,609
INFO ------------------登录开始------------------ 2020-10-28 17:07:22,273
INFO username is sucessful~~~ 2020-10-28 17:07:22,347
INFO password is sucessful~~~ 2020-10-28 17:07:24,415
INFO submit is sucessful~~~ 2020-10-28 17:07:26,482
INFO ------------------登录开始------------------ 2020-10-28 17:07:38,100
INFO username is sucessful~~~ 2020-10-28 17:07:38,189
INFO password is sucessful~~~ 2020-10-28 17:07:40,278
INFO submit is sucessful~~~ 2020-10-28 17:07:42,518
INFO ------------------登录开始------------------ 2020-10-28 17:07:54,234
INFO username is sucessful~~~ 2020-10-28 17:07:54,324
INFO password is sucessful~~~ 2020-10-28 17:07:56,401
INFO submit is sucessful~~~ 2020-10-28 17:07:58,521
INFO ------------------登录开始------------------ 2020-10-28 17:08:10,214
INFO username is sucessful~~~ 2020-10-28 17:08:10,305
INFO password is sucessful~~~ 2020-10-28 17:08:12,370
INFO submit is sucessful~~~ 2020-10-28 17:08:14,433
INFO ------------------登录开始------------------ 2020-10-28 17:08:26,171
INFO username is sucessful~~~ 2020-10-28 17:08:26,259
INFO password is sucessful~~~ 2020-10-28 17:08:28,334
INFO submit is sucessful~~~ 2020-10-28 17:08:30,448
INFO ------------------登录开始------------------ 2020-10-28 17:08:42,162
INFO username is sucessful~~~ 2020-10-28 17:08:42,252
INFO password is sucessful~~~ 2020-10-28 17:08:44,329
INFO submit is sucessful~~~ 2020-10-28 17:08:46,396
INFO ------------------登录开始------------------ 2020-10-28 18:43:31,522
INFO username is sucessful~~~ 2020-10-28 18:43:31,622
INFO password is sucessful~~~ 2020-10-28 18:43:33,698
INFO submit is sucessful~~~ 2020-10-28 18:43:35,953
INFO ------------------添加开始------------------ 2020-10-28 18:43:37,984
INFO cus_message is sucessful~~~ 2020-10-28 18:43:38,096
INFO add_customer is sucessful~~~ 2020-10-28 18:43:48,357
INFO customer_name is sucessful~~~ 2020-10-28 18:43:48,438
INFO postion is sucessful~~~ 2020-10-28 18:43:48,507
INFO email is sucessful~~~ 2020-10-28 18:43:48,597
INFO contact is sucessful~~~ 2020-10-28 18:43:48,665
INFO birthday_datetime is sucessful~~~ 2020-10-28 18:43:48,756
INFO submit is sucessful~~~ 2020-10-28 18:43:50,906
INFO ------------------登录开始------------------ 2020-10-28 18:44:06,240
INFO username is sucessful~~~ 2020-10-28 18:44:06,379
INFO password is sucessful~~~ 2020-10-28 18:44:08,451
INFO submit is sucessful~~~ 2020-10-28 18:44:10,752
INFO ------------------添加开始------------------ 2020-10-28 18:44:12,773
INFO cus_message is sucessful~~~ 2020-10-28 18:44:12,903
INFO add_customer is sucessful~~~ 2020-10-28 18:44:23,163
INFO customer_name is sucessful~~~ 2020-10-28 18:44:23,240
INFO postion is sucessful~~~ 2020-10-28 18:44:23,303
INFO email is sucessful~~~ 2020-10-28 18:44:23,377
INFO contact is sucessful~~~ 2020-10-28 18:44:23,436
INFO birthday_datetime is sucessful~~~ 2020-10-28 18:44:23,506
INFO submit is sucessful~~~ 2020-10-28 18:44:25,622
